2018-05-28 22:32:33,225:consoleview:INFO:<qtcode.testview.TestResult run=1 errors=0 failures=0>
2018-05-28 22:32:33,240:consoleview:INFO:testTrue (test3.MyTestCase) 0 ms
2018-05-28 22:32:33,244:consoleview:INFO:None
2018-05-28 22:33:14,144:consoleview:INFO:sleepaaaa...
2018-05-28 22:33:15,149:consoleview:INFO:sleep...
2018-05-28 22:33:15,151:consoleview:INFO:<qtcode.testview.TestResult run=4 errors=0 failures=1>
2018-05-28 22:33:15,161:consoleview:INFO:testTrue2 (test1.MyTestCase) 0 ms
2018-05-28 22:33:15,166:consoleview:INFO:Always true
2018-05-28 22:33:15,168:consoleview:INFO:testTrue (test1.MyTestCase) 0 ms
2018-05-28 22:33:15,175:consoleview:INFO:None
2018-05-28 22:33:15,177:consoleview:INFO:testSleep (test1.MyTestCase) 2005 ms
2018-05-28 22:33:15,179:consoleview:INFO:None
2018-05-28 22:33:15,181:consoleview:INFO:(<test1.MyTestCase testMethod=testFail>, 'Traceback (most recent call last):\n  File "C:\\Users\\seoung\\workspace\\pytool\\pydevtoolplatform\\testscript\\test1.py", line 19, in testFail\n    assert False\nAssertionError\n') 1 ms
2018-05-28 22:34:35,826:consoleview:INFO:func1
2018-05-28 22:34:35,831:consoleview:INFO:<qtcode.testview.TestResult run=1 errors=0 failures=0>
2018-05-28 22:34:35,842:consoleview:INFO:test_func1 (guiconnect.MyTestCase) 1005 ms
2018-05-28 22:37:31,459:consoleview:INFO:<qtcode.testview.TestResult run=1 errors=0 failures=0>
2018-05-28 22:37:31,473:consoleview:INFO:testTrue (test1.MyTestCase) 0 ms
2018-05-28 22:37:31,477:consoleview:INFO:None
2018-05-28 22:37:33,033:consoleview:INFO:<qtcode.testview.TestResult run=1 errors=0 failures=0>
2018-05-28 22:37:33,034:consoleview:INFO:testTrue2 (test1.MyTestCase) 0 ms
2018-05-28 22:37:33,036:consoleview:INFO:Always true
2018-05-28 22:37:36,675:consoleview:INFO:sleepaaaa...
2018-05-28 22:37:37,678:consoleview:INFO:sleep...
2018-05-28 22:37:37,679:consoleview:INFO:<qtcode.testview.TestResult run=1 errors=0 failures=0>
2018-05-28 22:37:37,681:consoleview:INFO:testSleep (test1.MyTestCase) 2004 ms
2018-05-28 22:37:37,685:consoleview:INFO:None
2018-05-28 22:38:15,288:consoleview:INFO:<qtcode.testview.TestResult run=1 errors=0 failures=0>
2018-05-28 22:38:15,299:consoleview:INFO:testTrue2 (test1.MyTestCase) 0 ms
2018-05-28 22:38:15,306:consoleview:INFO:None
2018-05-28 22:38:16,711:consoleview:INFO:<qtcode.testview.TestResult run=1 errors=0 failures=0>
2018-05-28 22:38:16,713:consoleview:INFO:testTrue (test1.MyTestCase) 0 ms
2018-05-28 22:38:16,714:consoleview:INFO:None
2018-05-28 22:38:18,576:consoleview:INFO:sleepaaaa...
2018-05-28 22:38:19,578:consoleview:INFO:sleep...
2018-05-28 22:38:19,580:consoleview:INFO:<qtcode.testview.TestResult run=1 errors=0 failures=0>
2018-05-28 22:38:19,582:consoleview:INFO:testSleep (test1.MyTestCase) 2004 ms
2018-05-28 22:38:19,585:consoleview:INFO:None
2018-05-28 22:38:20,176:consoleview:INFO:<qtcode.testview.TestResult run=1 errors=0 failures=1>
2018-05-28 22:38:20,179:consoleview:INFO:(<test1.MyTestCase testMethod=testFail>, 'Traceback (most recent call last):\n  File "C:\\Users\\seoung\\workspace\\pytool\\pydevtoolplatform\\testscript\\test1.py", line 19, in testFail\n    assert False\nAssertionError\n') 0 ms
2018-05-28 22:38:24,769:consoleview:INFO:<qtcode.testview.TestResult run=1 errors=0 failures=0>
2018-05-28 22:38:24,774:consoleview:INFO:testTrue (test1.MyTestCase) 0 ms
2018-05-28 22:38:24,777:consoleview:INFO:None
2018-05-28 22:39:05,734:consoleview:INFO:sleepaaaa...
2018-05-28 22:39:06,740:consoleview:INFO:sleep...
2018-05-28 22:39:06,741:consoleview:INFO:<qtcode.testview.TestResult run=1 errors=0 failures=0>
2018-05-28 22:39:06,749:consoleview:INFO:testSleep (test1.MyTestCase) 2007 ms
2018-05-28 22:39:06,753:consoleview:INFO:None
2018-05-28 22:39:08,494:consoleview:INFO:<qtcode.testview.TestResult run=1 errors=0 failures=0>
2018-05-28 22:39:08,497:consoleview:INFO:testTrue2 (test1.MyTestCase) 0 ms
2018-05-28 22:39:08,500:consoleview:INFO:Always true
2018-05-28 22:39:10,047:consoleview:INFO:<qtcode.testview.TestResult run=1 errors=0 failures=0>
2018-05-28 22:39:10,051:consoleview:INFO:testTrue (test1.MyTestCase) 0 ms
2018-05-28 22:39:10,056:consoleview:INFO:
        Always true
        
2018-05-28 22:39:11,599:consoleview:INFO:<qtcode.testview.TestResult run=1 errors=0 failures=1>
2018-05-28 22:39:11,601:consoleview:INFO:(<test1.MyTestCase testMethod=testFail>, 'Traceback (most recent call last):\n  File "C:\\Users\\seoung\\workspace\\pytool\\pydevtoolplatform\\testscript\\test1.py", line 19, in testFail\n    assert False\nAssertionError\n') 0 ms
2018-05-28 22:39:15,991:consoleview:INFO:<qtcode.testview.TestResult run=1 errors=0 failures=0>
2018-05-28 22:39:15,994:consoleview:INFO:testTrue (test1.MyTestCase) 0 ms
2018-05-28 22:39:15,996:consoleview:INFO:
        Always true
        
2018-05-28 22:39:18,175:consoleview:INFO:teadown class....
2018-05-28 22:39:18,178:consoleview:INFO:<qtcode.testview.TestResult run=1 errors=0 failures=1>
2018-05-28 22:39:18,181:consoleview:INFO:(<test2.MyTestCase testMethod=testFail2>, 'Traceback (most recent call last):\n  File "C:\\Users\\seoung\\workspace\\pytool\\pydevtoolplatform\\testscript\\test2.py", line 26, in testFail2\n    assert False\nAssertionError\n') 3 ms
2018-05-28 22:39:19,447:consoleview:INFO:teadown class....
2018-05-28 22:39:19,450:consoleview:INFO:<qtcode.testview.TestResult run=1 errors=0 failures=1>
2018-05-28 22:39:19,453:consoleview:INFO:(<test2.MyTestCase testMethod=testFail3>, 'Traceback (most recent call last):\n  File "C:\\Users\\seoung\\workspace\\pytool\\pydevtoolplatform\\testscript\\test2.py", line 31, in testFail3\n    assert False\nAssertionError\n') 3 ms
2018-05-28 22:39:21,192:consoleview:INFO:teadown class....
2018-05-28 22:39:21,195:consoleview:INFO:<qtcode.testview.TestResult run=1 errors=0 failures=0>
2018-05-28 22:39:21,199:consoleview:INFO:testTrue (test2.MyTestCase) 3 ms
2018-05-28 22:39:21,202:consoleview:INFO:
        Always true
        
2018-05-28 22:39:22,945:consoleview:INFO:<qtcode.testview.TestResult run=1 errors=0 failures=1>
2018-05-28 22:39:22,950:consoleview:INFO:(<test1.MyTestCase testMethod=testFail>, 'Traceback (most recent call last):\n  File "C:\\Users\\seoung\\workspace\\pytool\\pydevtoolplatform\\testscript\\test1.py", line 19, in testFail\n    assert False\nAssertionError\n') 0 ms
2018-05-28 22:41:12,606:consoleview:INFO:teadown class....
2018-05-28 22:41:12,615:consoleview:INFO:(<test2.MyTestCase testMethod=testFail3>, 'Traceback (most recent call last):\n  File "C:\\Users\\seoung\\workspace\\pytool\\pydevtoolplatform\\testscript\\test2.py", line 31, in testFail3\n    assert False\nAssertionError\n') 9 ms
2018-05-28 22:41:31,249:consoleview:INFO:teadown class....
2018-05-28 22:41:31,259:consoleview:INFO:(<test2.MyTestCase testMethod=testFail>, 'Traceback (most recent call last):\n  File "C:\\Users\\seoung\\workspace\\pytool\\pydevtoolplatform\\testscript\\test2.py", line 21, in testFail\n    assert False\nAssertionError\n') 9 ms
2018-05-28 22:41:31,274:consoleview:INFO:
        Always fails
        
2018-05-28 22:41:31,277:consoleview:INFO:None
2018-05-28 22:41:33,297:consoleview:INFO:teadown class....
2018-05-28 22:41:33,299:consoleview:INFO:(<test2.MyTestCase testMethod=testFail2>, 'Traceback (most recent call last):\n  File "C:\\Users\\seoung\\workspace\\pytool\\pydevtoolplatform\\testscript\\test2.py", line 26, in testFail2\n    assert False\nAssertionError\n') 1 ms
2018-05-28 22:41:33,305:consoleview:INFO:
        Always fails
        
2018-05-28 22:41:33,308:consoleview:INFO:None
2018-05-28 22:41:34,417:consoleview:INFO:teadown class....
2018-05-28 22:41:34,419:consoleview:INFO:(<test2.MyTestCase testMethod=testFail2>, 'Traceback (most recent call last):\n  File "C:\\Users\\seoung\\workspace\\pytool\\pydevtoolplatform\\testscript\\test2.py", line 26, in testFail2\n    assert False\nAssertionError\n') 2 ms
2018-05-28 22:41:34,423:consoleview:INFO:
        Always fails
        
2018-05-28 22:41:34,426:consoleview:INFO:None
2018-05-28 22:41:36,249:consoleview:INFO:teadown class....
2018-05-28 22:41:36,252:consoleview:INFO:testTrue (test2.MyTestCase) 2 ms
2018-05-28 22:41:36,255:consoleview:INFO:
        Always true
        
2018-05-28 22:41:36,257:consoleview:INFO:None
2018-05-28 22:41:38,842:consoleview:INFO:teadown class....
2018-05-28 22:41:38,844:consoleview:INFO:testTrue2 (test2.MyTestCase) 2 ms
2018-05-28 22:41:38,846:consoleview:INFO:
        Always true
        
2018-05-28 22:41:38,848:consoleview:INFO:None
2018-05-28 22:41:42,379:consoleview:INFO:testTrue (test1.MyTestCase) 0 ms
2018-05-28 22:41:42,385:consoleview:INFO:
        Always true
        
2018-05-28 22:41:42,390:consoleview:INFO:None
2018-05-28 22:41:44,178:consoleview:INFO:testTrue2 (test1.MyTestCase) 0 ms
2018-05-28 22:41:44,180:consoleview:INFO:Always true
2018-05-28 22:41:44,182:consoleview:INFO:Always true
2018-05-28 22:43:34,967:consoleview:INFO:========== Console Command List ============
2018-05-28 22:43:34,975:consoleview:INFO:  clear() :  clear console view 
2018-05-28 22:43:34,979:consoleview:INFO:  run() :  run script 
2018-05-28 22:43:34,981:consoleview:INFO: exampleview : object , for getting more information help(exampleview)
2018-05-28 22:43:34,985:consoleview:INFO: example : object , for getting more information help(example)
2018-05-28 22:43:34,986:consoleview:INFO: example2 : object , for getting more information help(example2)
2018-05-28 22:43:39,925:consoleview:INFO:Class method = 
2018-05-28 22:43:39,927:consoleview:INFO:  _thread(self) : None
2018-05-28 22:43:39,930:consoleview:INFO:  func1(self) : None
2018-05-28 22:43:39,933:consoleview:INFO:  run(self) : run thread
2018-05-28 22:43:39,935:consoleview:INFO:  stop(self) :  stop thread 
2018-05-28 22:43:42,786:consoleview:WARNING:Traceback (most recent call last):

2018-05-28 22:43:42,789:consoleview:WARNING:  File "C:\Users\seoung\workspace\pytool\pydevtoolplatform\console\console.py", line 56, in cexec
    exec(c, globals())

2018-05-28 22:43:42,793:consoleview:WARNING:  File "<string>", line 1, in <module>

2018-05-28 22:43:42,796:consoleview:WARNING:  File "C:\Python36-32\lib\_sitebuiltins.py", line 26, in __call__
    raise SystemExit(code)

2018-05-28 22:43:42,801:consoleview:WARNING:SystemExit: None

